bass.wsd
Fold 1
bass.1000000 plant%fish
bass.1000001 plant%fish
bass.1000002 plant%music
bass.1000003 plant%fish
bass.1000004 plant%music
bass.1000005 plant%fish
bass.1000006 plant%music
bass.1000007 plant%fish
bass.1000008 plant%fish
bass.1000009 plant%fish
bass.1000010 plant%fish
bass.1000011 plant%music
bass.1000012 plant%fish
bass.1000013 plant%fish
bass.1000014 plant%fish
bass.1000015 plant%fish
bass.1000016 plant%fish
bass.1000017 plant%fish
bass.1000018 plant%fish
bass.1000019 plant%music
bass.1000020 plant%fish
bass.1000021 plant%fish

bass.wsd
Fold 2
bass.1000022 plant%music
bass.1000023 plant%music
bass.1000024 plant%music
bass.1000025 plant%music
bass.1000026 plant%music
bass.1000027 plant%music
bass.1000028 plant%music
bass.1000029 plant%music
bass.1000030 plant%music
bass.1000031 plant%music
bass.1000032 plant%music
bass.1000033 plant%fish
bass.1000034 plant%music
bass.1000035 plant%music
bass.1000036 plant%music
bass.1000037 plant%music
bass.1000038 plant%music
bass.1000039 plant%music
bass.1000040 plant%music
bass.1000041 plant%music
bass.1000042 plant%music
bass.1000043 plant%music

bass.wsd
Fold 3
bass.1000044 plant%music
bass.1000045 plant%music
bass.1000046 plant%music
bass.1000047 plant%music
bass.1000048 plant%music
bass.1000049 plant%fish
bass.1000050 plant%music
bass.1000051 plant%music
bass.1000052 plant%music
bass.1000053 plant%music
bass.1000054 plant%music
bass.1000055 plant%music
bass.1000056 plant%music
bass.1000057 plant%music
bass.1000058 plant%music
bass.1000059 plant%music
bass.1000060 plant%music
bass.1000061 plant%music
bass.1000062 plant%music
bass.1000063 plant%music
bass.1000064 plant%music
bass.1000065 plant%fish

bass.wsd
Fold 4
bass.1000066 plant%music
bass.1000067 plant%music
bass.1000068 plant%music
bass.1000069 plant%music
bass.1000070 plant%music
bass.1000071 plant%music
bass.1000072 plant%music
bass.1000073 plant%music
bass.1000074 plant%music
bass.1000075 plant%music
bass.1000076 plant%music
bass.1000077 plant%music
bass.1000078 plant%music
bass.1000079 plant%music
bass.1000080 plant%music
bass.1000081 plant%music
bass.1000082 plant%music
bass.1000083 plant%music
bass.1000084 plant%music
bass.1000085 plant%music
bass.1000086 plant%music
bass.1000087 plant%music

bass.wsd
Fold 5
bass.1000088 plant%music
bass.1000089 plant%music
bass.1000090 plant%music
bass.1000091 plant%music
bass.1000092 plant%music
bass.1000093 plant%music
bass.1000094 plant%music
bass.1000095 plant%music
bass.1000096 plant%music
bass.1000097 plant%music
bass.1000098 plant%music
bass.1000099 plant%music
bass.1000100 plant%music
bass.1000101 plant%music
bass.1000102 plant%fish
bass.1000103 plant%music
bass.1000104 plant%music
bass.1000105 plant%music
bass.1000106 plant%music

Percent Correct: 22.22222222222222%