palm.wsd
Fold 1
palm.1000000 plant%tree
palm.1000001 plant%tree
palm.1000002 plant%hand
palm.1000003 plant%tree
palm.1000004 plant%hand
palm.1000005 plant%hand
palm.1000006 plant%hand
palm.1000007 plant%tree
palm.1000008 plant%hand
palm.1000009 plant%hand
palm.1000010 plant%tree
palm.1000011 plant%hand
palm.1000012 plant%tree
palm.1000013 plant%tree
palm.1000014 plant%tree
palm.1000015 plant%tree
palm.1000016 plant%hand
palm.1000017 plant%tree
palm.1000018 plant%tree
palm.1000019 plant%hand
palm.1000020 plant%tree
palm.1000021 plant%tree
palm.1000022 plant%tree
palm.1000023 plant%hand
palm.1000024 plant%hand
palm.1000025 plant%tree
palm.1000026 plant%hand
palm.1000027 plant%hand
palm.1000028 plant%tree
palm.1000029 plant%tree
palm.1000030 plant%hand
palm.1000031 plant%tree
palm.1000032 plant%tree
palm.1000033 plant%hand
palm.1000034 plant%tree
palm.1000035 plant%tree
palm.1000036 plant%tree
palm.1000037 plant%tree
palm.1000038 plant%hand
palm.1000039 plant%hand
palm.1000040 plant%hand

palm.wsd
Fold 2
palm.1000041 plant%hand
palm.1000042 plant%hand
palm.1000043 plant%tree
palm.1000044 plant%tree
palm.1000045 plant%hand
palm.1000046 plant%hand
palm.1000047 plant%hand
palm.1000048 plant%hand
palm.1000049 plant%tree
palm.1000050 plant%hand
palm.1000051 plant%tree
palm.1000052 plant%hand
palm.1000053 plant%hand
palm.1000054 plant%hand
palm.1000055 plant%hand
palm.1000056 plant%hand
palm.1000057 plant%hand
palm.1000058 plant%hand
palm.1000059 plant%hand
palm.1000060 plant%hand
palm.1000061 plant%hand
palm.1000062 plant%hand
palm.1000063 plant%tree
palm.1000064 plant%tree
palm.1000065 plant%tree
palm.1000066 plant%tree
palm.1000067 plant%hand
palm.1000068 plant%tree
palm.1000069 plant%tree
palm.1000070 plant%hand
palm.1000071 plant%hand
palm.1000072 plant%hand
palm.1000073 plant%hand
palm.1000074 plant%hand
palm.1000075 plant%hand
palm.1000076 plant%hand
palm.1000077 plant%hand
palm.1000078 plant%hand
palm.1000079 plant%hand
palm.1000080 plant%hand
palm.1000081 plant%hand

palm.wsd
Fold 3
palm.1000082 plant%hand
palm.1000083 plant%hand
palm.1000084 plant%tree
palm.1000085 plant%hand
palm.1000086 plant%hand
palm.1000087 plant%hand
palm.1000088 plant%hand
palm.1000089 plant%tree
palm.1000090 plant%tree
palm.1000091 plant%tree
palm.1000092 plant%tree
palm.1000093 plant%hand
palm.1000094 plant%tree
palm.1000095 plant%hand
palm.1000096 plant%tree
palm.1000097 plant%tree
palm.1000098 plant%hand
palm.1000099 plant%hand
palm.1000100 plant%hand
palm.1000101 plant%hand
palm.1000102 plant%hand
palm.1000103 plant%hand
palm.1000104 plant%tree
palm.1000105 plant%tree
palm.1000106 plant%hand
palm.1000107 plant%tree
palm.1000108 plant%hand
palm.1000109 plant%hand
palm.1000110 plant%hand
palm.1000111 plant%tree
palm.1000112 plant%hand
palm.1000113 plant%hand
palm.1000114 plant%hand
palm.1000115 plant%hand
palm.1000116 plant%hand
palm.1000117 plant%hand
palm.1000118 plant%hand
palm.1000119 plant%tree
palm.1000120 plant%hand
palm.1000121 plant%hand
palm.1000122 plant%hand

palm.wsd
Fold 4
palm.1000123 plant%hand
palm.1000124 plant%tree
palm.1000125 plant%hand
palm.1000126 plant%hand
palm.1000127 plant%tree
palm.1000128 plant%tree
palm.1000129 plant%hand
palm.1000130 plant%tree
palm.1000131 plant%hand
palm.1000132 plant%tree
palm.1000133 plant%hand
palm.1000134 plant%hand
palm.1000135 plant%hand
palm.1000136 plant%tree
palm.1000137 plant%hand
palm.1000138 plant%hand
palm.1000139 plant%hand
palm.1000140 plant%hand
palm.1000141 plant%hand
palm.1000142 plant%tree
palm.1000143 plant%hand
palm.1000144 plant%hand
palm.1000145 plant%hand
palm.1000146 plant%hand
palm.1000147 plant%hand
palm.1000148 plant%hand
palm.1000149 plant%hand
palm.1000150 plant%hand
palm.1000151 plant%tree
palm.1000152 plant%hand
palm.1000153 plant%hand
palm.1000154 plant%hand
palm.1000155 plant%hand
palm.1000156 plant%hand
palm.1000157 plant%hand
palm.1000158 plant%hand
palm.1000159 plant%hand
palm.1000160 plant%hand
palm.1000161 plant%hand
palm.1000162 plant%hand
palm.1000163 plant%hand

palm.wsd
Fold 5
palm.1000164 plant%hand
palm.1000165 plant%tree
palm.1000166 plant%tree
palm.1000167 plant%hand
palm.1000168 plant%hand
palm.1000169 plant%hand
palm.1000170 plant%hand
palm.1000171 plant%hand
palm.1000172 plant%hand
palm.1000173 plant%hand
palm.1000174 plant%tree
palm.1000175 plant%hand
palm.1000176 plant%hand
palm.1000177 plant%tree
palm.1000178 plant%hand
palm.1000179 plant%hand
palm.1000180 plant%hand
palm.1000181 plant%hand
palm.1000182 plant%hand
palm.1000183 plant%hand
palm.1000184 plant%tree
palm.1000185 plant%hand
palm.1000186 plant%hand
palm.1000187 plant%hand
palm.1000188 plant%tree
palm.1000189 plant%hand
palm.1000190 plant%tree
palm.1000191 plant%hand
palm.1000192 plant%tree
palm.1000193 plant%tree
palm.1000194 plant%tree
palm.1000195 plant%hand
palm.1000196 plant%tree
palm.1000197 plant%hand
palm.1000198 plant%hand
palm.1000199 plant%hand
palm.1000200 plant%hand

Percent Correct: 22.277227722772277%